This is pdfTeX, Version 3.14159265-2.6-1.40.21 (TeX Live 2020) (preloaded format=pdflatex 2020.4.7)  29 MAY 2021 10:47
entering extended mode
 restricted \write18 enabled.
 %&-line parsing enabled.
**chutes.tex
(./chutes.tex
LaTeX2e <2020-02-02> patch level 5
L3 programming layer <2020-03-06> (./agujournal2018.cls
Document Class: agujournal2018 08/23/2018
(/usr/local/texlive/2020/texmf-dist/tex/latex/graphics/graphicx.sty
Package: graphicx 2019/11/30 v1.2a Enhanced LaTeX Graphics (DPC,SPQR)
(/usr/local/texlive/2020/texmf-dist/tex/latex/graphics/keyval.sty
Package: keyval 2014/10/28 v1.15 key=value parser (DPC)
\KV@toks@=\toks15
) (/usr/local/texlive/2020/texmf-dist/tex/latex/graphics/graphics.sty
Package: graphics 2019/11/30 v1.4a Standard LaTeX Graphics (DPC,SPQR)
(/usr/local/texlive/2020/texmf-dist/tex/latex/graphics/trig.sty
Package: trig 2016/01/03 v1.10 sin cos tan (DPC)
) (/usr/local/texlive/2020/texmf-dist/tex/latex/graphics-cfg/graphics.cfg
File: graphics.cfg 2016/06/04 v1.11 sample graphics configuration
)
Package graphics Info: Driver file: pdftex.def on input line 105.
(/usr/local/texlive/2020/texmf-dist/tex/latex/graphics-def/pdftex.def
File: pdftex.def 2018/01/08 v1.0l Graphics/color driver for pdftex
))
\Gin@req@height=\dimen134
\Gin@req@width=\dimen135
) (/usr/local/texlive/2020/texmf-dist/tex/latex/xcolor/xcolor.sty
Package: xcolor 2016/05/11 v2.12 LaTeX color extensions (UK)
(/usr/local/texlive/2020/texmf-dist/tex/latex/graphics-cfg/color.cfg
File: color.cfg 2016/01/02 v1.6 sample color configuration
)
Package xcolor Info: Driver file: pdftex.def on input line 225.
Package xcolor Info: Model `cmy' substituted by `cmy0' on input line 1348.
Package xcolor Info: Model `hsb' substituted by `rgb' on input line 1352.
Package xcolor Info: Model `RGB' extended on input line 1364.
Package xcolor Info: Model `HTML' substituted by `rgb' on input line 1366.
Package xcolor Info: Model `Hsb' substituted by `hsb' on input line 1367.
Package xcolor Info: Model `tHsb' substituted by `hsb' on input line 1368.
Package xcolor Info: Model `HSB' substituted by `hsb' on input line 1369.
Package xcolor Info: Model `Gray' substituted by `gray' on input line 1370.
Package xcolor Info: Model `wave' substituted by `hsb' on input line 1371.
) (/usr/local/texlive/2020/texmf-dist/tex/latex/url/url.sty
\Urlmuskip=\muskip16
Package: url 2013/09/16  ver 3.4  Verb mode for urls, etc.
) (./trackchanges.sty
Package: trackchanges 2009/04/22 v0.7.0 TrackChanges file 
(/usr/local/texlive/2020/texmf-dist/tex/latex/base/ifthen.sty
Package: ifthen 2014/09/29 v1.1c Standard LaTeX ifthen package (DPC)
) (/usr/local/texlive/2020/texmf-dist/tex/latex/tools/calc.sty
Package: calc 2017/05/25 v4.3 Infix arithmetic (KKT,FJ)
\calc@Acount=\count167
\calc@Bcount=\count168
\calc@Adimen=\dimen136
\calc@Bdimen=\dimen137
\calc@Askip=\skip47
\calc@Bskip=\skip48
LaTeX Info: Redefining \setlength on input line 80.
LaTeX Info: Redefining \addtolength on input line 81.
\calc@Ccount=\count169
\calc@Cskip=\skip49
) (/usr/local/texlive/2020/texmf-dist/tex/latex/soul/soul.sty
Package: soul 2003/11/17 v2.4 letterspacing/underlining (mf)
\SOUL@word=\toks16
\SOUL@lasttoken=\toks17
\SOUL@cmds=\toks18
\SOUL@buffer=\toks19
\SOUL@token=\toks20
\SOUL@spaceskip=\skip50
\SOUL@ttwidth=\dimen138
\SOUL@uldp=\dimen139
\SOUL@ulht=\dimen140
) (/usr/local/texlive/2020/texmf-dist/tex/latex/morefloats/morefloats.sty
Package: morefloats 2015/07/22 v1.0h Raise limit of unprocessed floats (HMM)
(/usr/local/texlive/2020/texmf-dist/tex/latex/kvoptions/kvoptions.sty
Package: kvoptions 2019/11/29 v3.13 Key value format for package options (HO)
(/usr/local/texlive/2020/texmf-dist/tex/generic/ltxcmds/ltxcmds.sty
Package: ltxcmds 2019/12/15 v1.24 LaTeX kernel commands for general use (HO)
) (/usr/local/texlive/2020/texmf-dist/tex/generic/kvsetkeys/kvsetkeys.sty
Package: kvsetkeys 2019/12/15 v1.18 Key value parser (HO)
))
Package morefloats Info: Maximum number of possible floats asked for: 36
(morefloats)             (i.e. 18 more floats).
(morefloats)             LaTeX might run out of memory before this
(morefloats)             (in which case it will notify you).
)
\c@userid=\count170
\c@changenumber=\count171
\c@storefootnote=\count172
\c@numeditors=\count173
\c@maxeditors=\count174
) (/usr/local/texlive/2020/texmf-dist/tex/latex/lineno/lineno.sty
Package: lineno 2005/11/02 line numbers on paragraphs v4.41
\linenopenalty=\count175
\output=\toks21
\linenoprevgraf=\count176
\linenumbersep=\dimen141
\linenumberwidth=\dimen142
\c@linenumber=\count177
\c@pagewiselinenumber=\count178
\c@LN@truepage=\count179
\c@internallinenumber=\count180
\c@internallinenumbers=\count181
\quotelinenumbersep=\dimen143
\bframerule=\dimen144
\bframesep=\dimen145
\bframebox=\box45
LaTeX Info: Redefining \\ on input line 3056.
) (/usr/local/texlive/2020/texmf-dist/tex/latex/tools/indentfirst.sty
Package: indentfirst 1995/11/23 v1.03 Indent first paragraph (DPC)
) (/usr/local/texlive/2020/texmf-dist/tex/latex/ragged2e/ragged2e.sty
Package: ragged2e 2019/07/28 v2.2 ragged2e Package (MS)
(/usr/local/texlive/2020/texmf-dist/tex/latex/ms/everysel.sty
Package: everysel 2011/10/28 v1.2 EverySelectfont Package (MS)
)
\CenteringLeftskip=\skip51
\RaggedLeftLeftskip=\skip52
\RaggedRightLeftskip=\skip53
\CenteringRightskip=\skip54
\RaggedLeftRightskip=\skip55
\RaggedRightRightskip=\skip56
\CenteringParfillskip=\skip57
\RaggedLeftParfillskip=\skip58
\RaggedRightParfillskip=\skip59
\JustifyingParfillskip=\skip60
\CenteringParindent=\skip61
\RaggedLeftParindent=\skip62
\RaggedRightParindent=\skip63
\JustifyingParindent=\skip64
) (/usr/local/texlive/2020/texmf-dist/tex/latex/graphics/rotating.sty
Package: rotating 2016/08/11 v2.16d rotated objects in LaTeX
\c@r@tfl@t=\count182
\rotFPtop=\skip65
\rotFPbot=\skip66
\rot@float@box=\box46
\rot@mess@toks=\toks22
) (/usr/local/texlive/2020/texmf-dist/tex/generic/ulem/ulem.sty
\UL@box=\box47
\UL@hyphenbox=\box48
\UL@skip=\skip67
\UL@hook=\toks23
\UL@height=\dimen146
\UL@pe=\count183
\UL@pixel=\dimen147
\ULC@box=\box49
Package: ulem 2019/11/18
\ULdepth=\dimen148
)
\draftskip=\count184
\c@section=\count185
\c@subsection=\count186
\c@subsubsection=\count187
\c@paragraph=\count188
\c@subparagraph=\count189
\c@figure=\count190
\c@table=\count191
\abovecaptionskip=\skip68
\belowcaptionskip=\skip69
\c@appendnum=\count192
\bibindent=\dimen149
(/usr/local/texlive/2020/texmf-dist/tex/latex/apacite/apacite.sty
Package: apacite 2013/07/21 v6.03 APA citation
\c@BibCnt=\count193
\bibleftmargin=\skip70
\bibindent=\skip71
\bibparsep=\skip72
\bibitemsep=\skip73
\biblabelsep=\skip74
) (/usr/local/texlive/2020/texmf-dist/tex/latex/natbib/natbib.sty
Package: natbib 2010/09/13 8.31b (PWD, AO)
\bibhang=\skip75
\bibsep=\skip76
LaTeX Info: Redefining \cite on input line 694.
\c@NAT@ctr=\count194
)
LaTeX Info: Redefining \BBA on input line 1149.
) (/usr/local/texlive/2020/texmf-dist/tex/latex/tools/tabularx.sty
Package: tabularx 2020/01/15 v2.11c `tabularx' package (DPC)
(/usr/local/texlive/2020/texmf-dist/tex/latex/tools/array.sty
Package: array 2019/08/31 v2.4l Tabular extension package (FMi)
\col@sep=\dimen150
\ar@mcellbox=\box50
\extrarowheight=\dimen151
\NC@list=\toks24
\extratabsurround=\skip77
\backup@length=\skip78
\ar@cellbox=\box51
)
\TX@col@width=\dimen152
\TX@old@table=\dimen153
\TX@old@col=\dimen154
\TX@target=\dimen155
\TX@delta=\dimen156
\TX@cols=\count195
\TX@ftn=\toks25
) (/usr/local/texlive/2020/texmf-dist/tex/latex/booktabs/booktabs.sty
Package: booktabs 2020/01/12 v1.61803398 Publication quality tables
\heavyrulewidth=\dimen157
\lightrulewidth=\dimen158
\cmidrulewidth=\dimen159
\belowrulesep=\dimen160
\belowbottomsep=\dimen161
\aboverulesep=\dimen162
\abovetopsep=\dimen163
\cmidrulesep=\dimen164
\cmidrulekern=\dimen165
\defaultaddspace=\dimen166
\@cmidla=\count196
\@cmidlb=\count197
\@aboverulesep=\dimen167
\@belowrulesep=\dimen168
\@thisruleclass=\count198
\@lastruleclass=\count199
\@thisrulewidth=\dimen169
) (/usr/local/texlive/2020/texmf-dist/tex/generic/soulutf8/soulutf8.sty
Package: soulutf8 2019/12/15 v1.2 Permit use of UTF-8 characters in soul (HO)
(/usr/local/texlive/2020/texmf-dist/tex/generic/infwarerr/infwarerr.sty
Package: infwarerr 2019/12/03 v1.5 Providing info/warning/error messages (HO)
) (/usr/local/texlive/2020/texmf-dist/tex/generic/etexcmds/etexcmds.sty
Package: etexcmds 2019/12/15 v1.7 Avoid name clashes with e-TeX commands (HO)
(/usr/local/texlive/2020/texmf-dist/tex/generic/iftex/iftex.sty
Package: iftex 2020/03/06 v1.0d TeX engine tests
))) (/usr/local/texlive/2020/texmf-dist/tex/latex/setspace/setspace.sty
Package: setspace 2011/12/19 v6.7a set line spacing
) (/usr/local/texlive/2020/texmf-dist/tex/latex/caption/caption.sty
Package: caption 2020/01/03 v3.4h Customizing captions (AR)
(/usr/local/texlive/2020/texmf-dist/tex/latex/caption/caption3.sty
Package: caption3 2020/01/03 v1.8h caption3 kernel (AR)
Package caption3 Info: TeX engine: e-TeX on input line 61.
\captionmargin=\dimen170
\captionmargin@=\dimen171
\captionwidth=\dimen172
\caption@tempdima=\dimen173
\caption@indent=\dimen174
\caption@parindent=\dimen175
\caption@hangindent=\dimen176
Package caption Info: Unknown document class (or package),
(caption)             standard defaults will be used.
Package caption Info: \@makecaption = \long macro:#1#2->{\small \ifx \@captype 
\xfigure \vskip \abovecaptionskip \fi {\ifturnofflinenums \else \ifnumlines \in
ternallinenumbers \fi \fi \sbox \@tempboxa {\bf #1.\quad \rm #2}\ifdim \wd \@te
mpboxa >.9\hsize \bf #1.\quad \rm \relax #2\par \else {\centering \bf #1.\rm \q
uad #2 \vskip 1sp} \fi } \ifx \@captype \xfigure \else \vskip \belowcaptionskip
 \fi } on input line 1082.
)

Package caption Warning: Unknown document class (or package),
(caption)                standard defaults will be used.
See the caption package documentation for explanation.

\c@caption@flags=\count266
\c@continuedfloat=\count267
Package caption Info: rotating package is loaded.
) (/usr/local/texlive/2020/texmf-dist/tex/latex/hyperref/hyperref.sty
Package: hyperref 2020/01/14 v7.00d Hypertext links for LaTeX
(/usr/local/texlive/2020/texmf-dist/tex/latex/pdftexcmds/pdftexcmds.sty
Package: pdftexcmds 2019/11/24 v0.31 Utility functions of pdfTeX for LuaTeX (HO
)
Package pdftexcmds Info: \pdf@primitive is available.
Package pdftexcmds Info: \pdf@ifprimitive is available.
Package pdftexcmds Info: \pdfdraftmode found.
) (/usr/local/texlive/2020/texmf-dist/tex/generic/kvdefinekeys/kvdefinekeys.sty
Package: kvdefinekeys 2019-12-19 v1.6 Define keys (HO)
) (/usr/local/texlive/2020/texmf-dist/tex/generic/pdfescape/pdfescape.sty
Package: pdfescape 2019/12/09 v1.15 Implements pdfTeX's escape features (HO)
) (/usr/local/texlive/2020/texmf-dist/tex/latex/hycolor/hycolor.sty
Package: hycolor 2020-01-27 v1.10 Color options for hyperref/bookmark (HO)
) (/usr/local/texlive/2020/texmf-dist/tex/latex/letltxmacro/letltxmacro.sty
Package: letltxmacro 2019/12/03 v1.6 Let assignment for LaTeX macros (HO)
) (/usr/local/texlive/2020/texmf-dist/tex/latex/auxhook/auxhook.sty
Package: auxhook 2019-12-17 v1.6 Hooks for auxiliary files (HO)
)
\@linkdim=\dimen177
\Hy@linkcounter=\count268
\Hy@pagecounter=\count269
(/usr/local/texlive/2020/texmf-dist/tex/latex/hyperref/pd1enc.def
File: pd1enc.def 2020/01/14 v7.00d Hyperref: PDFDocEncoding definition (HO)
Now handling font encoding PD1 ...
... no UTF-8 mapping file for font encoding PD1
) (/usr/local/texlive/2020/texmf-dist/tex/generic/intcalc/intcalc.sty
Package: intcalc 2019/12/15 v1.3 Expandable calculations with integers (HO)
)
\Hy@SavedSpaceFactor=\count270
Package hyperref Info: Option `draft' set `true' on input line 4421.
Package hyperref Info: Hyper figures OFF on input line 4547.
Package hyperref Info: Link nesting OFF on input line 4552.
Package hyperref Info: Hyper index ON on input line 4555.
Package hyperref Info: Plain pages OFF on input line 4562.
Package hyperref Info: Backreferencing OFF on input line 4567.
Package hyperref Info: Implicit mode ON; LaTeX internals redefined.
Package hyperref Info: Bookmarks ON on input line 4800.
\c@Hy@tempcnt=\count271
LaTeX Info: Redefining \url on input line 5159.
\XeTeXLinkMargin=\dimen178
(/usr/local/texlive/2020/texmf-dist/tex/generic/bitset/bitset.sty
Package: bitset 2019/12/09 v1.3 Handle bit-vector datatype (HO)
(/usr/local/texlive/2020/texmf-dist/tex/generic/bigintcalc/bigintcalc.sty
Package: bigintcalc 2019/12/15 v1.5 Expandable calculations on big integers (HO
)
))
\Fld@menulength=\count272
\Field@Width=\dimen179
\Fld@charsize=\dimen180
Package hyperref Info: Hyper figures OFF on input line 6430.
Package hyperref Info: Link nesting OFF on input line 6435.
Package hyperref Info: Hyper index ON on input line 6438.
Package hyperref Info: backreferencing OFF on input line 6445.
Package hyperref Info: Link coloring OFF on input line 6450.
Package hyperref Info: Link coloring with OCG OFF on input line 6455.
Package hyperref Info: PDF/A mode OFF on input line 6460.
LaTeX Info: Redefining \ref on input line 6500.
LaTeX Info: Redefining \pageref on input line 6504.
(/usr/local/texlive/2020/texmf-dist/tex/generic/atbegshi/atbegshi.sty
Package: atbegshi 2019/12/05 v1.19 At begin shipout hook (HO)
)
\Hy@abspage=\count273
\c@Item=\count274
\c@Hfootnote=\count275
)
Package hyperref Info: Driver (autodetected): hpdftex.
(/usr/local/texlive/2020/texmf-dist/tex/latex/hyperref/hpdftex.def
File: hpdftex.def 2020/01/14 v7.00d Hyperref driver for pdfTeX
(/usr/local/texlive/2020/texmf-dist/tex/latex/atveryend/atveryend.sty
Package: atveryend 2019-12-11 v1.11 Hooks at the very end of document (HO)
Package atveryend Info: \enddocument detected (standard20110627).
)
\Fld@listcount=\count276
\c@bookmark@seq@number=\count277

(/usr/local/texlive/2020/texmf-dist/tex/latex/rerunfilecheck/rerunfilecheck.sty
Package: rerunfilecheck 2019/12/05 v1.9 Rerun checks for auxiliary files (HO)

(/usr/local/texlive/2020/texmf-dist/tex/generic/uniquecounter/uniquecounter.sty
Package: uniquecounter 2019/12/15 v1.4 Provide unlimited unique counter (HO)
)
Package uniquecounter Info: New unique counter `rerunfilecheck' on input line 2
86.
)
\Hy@SectionHShift=\skip79
) (/usr/local/texlive/2020/texmf-dist/tex/latex/amsmath/amsmath.sty
Package: amsmath 2020/01/20 v2.17e AMS math features
\@mathmargin=\skip80
For additional information on amsmath, use the `?' option.
(/usr/local/texlive/2020/texmf-dist/tex/latex/amsmath/amstext.sty
Package: amstext 2000/06/29 v2.01 AMS text
(/usr/local/texlive/2020/texmf-dist/tex/latex/amsmath/amsgen.sty
File: amsgen.sty 1999/11/30 v2.0 generic functions
\@emptytoks=\toks26
\ex@=\dimen181
)) (/usr/local/texlive/2020/texmf-dist/tex/latex/amsmath/amsbsy.sty
Package: amsbsy 1999/11/29 v1.2d Bold Symbols
\pmbraise@=\dimen182
) (/usr/local/texlive/2020/texmf-dist/tex/latex/amsmath/amsopn.sty
Package: amsopn 2016/03/08 v2.02 operator names
)
\inf@bad=\count278
LaTeX Info: Redefining \frac on input line 227.
\uproot@=\count279
\leftroot@=\count280
LaTeX Info: Redefining \overline on input line 389.
\classnum@=\count281
\DOTSCASE@=\count282
LaTeX Info: Redefining \ldots on input line 486.
LaTeX Info: Redefining \dots on input line 489.
LaTeX Info: Redefining \cdots on input line 610.
\Mathstrutbox@=\box52
\strutbox@=\box53
\big@size=\dimen183
LaTeX Font Info:    Redeclaring font encoding OML on input line 733.
LaTeX Font Info:    Redeclaring font encoding OMS on input line 734.
\macc@depth=\count283
\c@MaxMatrixCols=\count284
\dotsspace@=\muskip17
\c@parentequation=\count285
\dspbrk@lvl=\count286
\tag@help=\toks27
\row@=\count287
\column@=\count288
\maxfields@=\count289
\andhelp@=\toks28
\eqnshift@=\dimen184
\alignsep@=\dimen185
\tagshift@=\dimen186
\tagwidth@=\dimen187
\totwidth@=\dimen188
\lineht@=\dimen189
\@envbody=\toks29
\multlinegap=\skip81
\multlinetaggap=\skip82
\mathdisplay@stack=\toks30
LaTeX Info: Redefining \[ on input line 2859.
LaTeX Info: Redefining \] on input line 2860.
) (/usr/local/texlive/2020/texmf-dist/tex/latex/amsfonts/amsfonts.sty
Package: amsfonts 2013/01/14 v3.01 Basic AMSFonts support
\symAMSa=\mathgroup4
\symAMSb=\mathgroup5
LaTeX Font Info:    Redeclaring math symbol \hbar on input line 98.
LaTeX Font Info:    Overwriting math alphabet `\mathfrak' in version `bold'
(Font)                  U/euf/m/n --> U/euf/b/n on input line 106.
) (/usr/local/texlive/2020/texmf-dist/tex/latex/float/float.sty
Package: float 2001/11/08 v1.3d Float enhancements (AL)
\c@float@type=\count290
\float@exts=\toks31
\float@box=\box54
\@float@everytoks=\toks32
\@floatcapt=\box55
) (/usr/local/texlive/2020/texmf-dist/tex/latex/tools/longtable.sty
Package: longtable 2020/01/07 v4.13 Multi-page Table package (DPC)
\LTleft=\skip83
\LTright=\skip84
\LTpre=\skip85
\LTpost=\skip86
\LTchunksize=\count291
\LTcapwidth=\dimen190
\LT@head=\box56
\LT@firsthead=\box57
\LT@foot=\box58
\LT@lastfoot=\box59
\LT@cols=\count292
\LT@rows=\count293
\c@LT@tables=\count294
\c@LT@chunks=\count295
\LT@p@ftn=\toks33
) (/usr/local/texlive/2020/texmf-dist/tex/latex/pdflscape/pdflscape.sty
Package: pdflscape 2019/12/05 v0.12 Display of landscape pages in PDF (HO)
(/usr/local/texlive/2020/texmf-dist/tex/latex/graphics/lscape.sty
Package: lscape 2000/10/22 v3.01 Landscape Pages (DPC)
)
Package pdflscape Info: Auto-detected driver: pdftex on input line 81.
) (/usr/local/texlive/2020/texmf-dist/tex/latex/l3backend/l3backend-pdfmode.def
File: l3backend-pdfmode.def 2020-03-12 L3 backend support: PDF mode
\l__kernel_color_stack_int=\count296
\l__pdf_internal_box=\box60
) (./chutes.aux)
\openout1 = `chutes.aux'.

LaTeX Font Info:    Checking defaults for OML/cmm/m/it on input line 86.
LaTeX Font Info:    ... okay on input line 86.
LaTeX Font Info:    Checking defaults for OMS/cmsy/m/n on input line 86.
LaTeX Font Info:    ... okay on input line 86.
LaTeX Font Info:    Checking defaults for OT1/cmr/m/n on input line 86.
LaTeX Font Info:    ... okay on input line 86.
LaTeX Font Info:    Checking defaults for T1/cmr/m/n on input line 86.
LaTeX Font Info:    ... okay on input line 86.
LaTeX Font Info:    Checking defaults for TS1/cmr/m/n on input line 86.
LaTeX Font Info:    ... okay on input line 86.
LaTeX Font Info:    Checking defaults for OMX/cmex/m/n on input line 86.
LaTeX Font Info:    ... okay on input line 86.
LaTeX Font Info:    Checking defaults for U/cmr/m/n on input line 86.
LaTeX Font Info:    ... okay on input line 86.
LaTeX Font Info:    Checking defaults for PD1/pdf/m/n on input line 86.
LaTeX Font Info:    ... okay on input line 86.
(/usr/local/texlive/2020/texmf-dist/tex/context/base/mkii/supp-pdf.mkii
[Loading MPS to PDF converter (version 2006.09.02).]
\scratchcounter=\count297
\scratchdimen=\dimen191
\scratchbox=\box61
\nofMPsegments=\count298
\nofMParguments=\count299
\everyMPshowfont=\toks34
\MPscratchCnt=\count300
\MPscratchDim=\dimen192
\MPnumerator=\count301
\makeMPintoPDFobject=\count302
\everyMPtoPDFconversion=\toks35
) (/usr/local/texlive/2020/texmf-dist/tex/latex/epstopdf-pkg/epstopdf-base.sty
Package: epstopdf-base 2020-01-24 v2.11 Base part for package epstopdf
Package epstopdf-base Info: Redefining graphics rule for `.eps' on input line 4
85.
(/usr/local/texlive/2020/texmf-dist/tex/latex/latexconfig/epstopdf-sys.cfg
File: epstopdf-sys.cfg 2010/07/13 v1.3 Configuration of (r)epstopdf for TeX Liv
e
))

Package trackchanges Warning: TrackChanges is not compatable with the 
(trackchanges)                'ulem' package.
(trackchanges)                Use the 'soul' package instead.

ABD: EverySelectfont initializing macros
LaTeX Info: Redefining \selectfont on input line 86.
\c@maskedRefs=\count303
(/usr/local/texlive/2020/texmf-dist/tex/latex/apacite/english.apc
File: english.apc 2013/07/21 v6.03 apacite language file
LaTeX Info: Redefining \BPBI on input line 129.
LaTeX Info: Redefining \BHBI on input line 130.
)
Package caption Info: Begin \AtBeginDocument code.
Package caption Info: float package is loaded.
Package caption Info: hyperref package is loaded.
Package caption Info: longtable package is loaded.
(/usr/local/texlive/2020/texmf-dist/tex/latex/caption/ltcaption.sty
Package: ltcaption 2018/08/26 v1.4a longtable captions (AR)
)
Package caption Info: End \AtBeginDocument code.
\AtBeginShipoutBox=\box62

Package hyperref Warning: Height of page (\paperheight) is invalid (0.0pt),
(hyperref)                using 11in.


Package hyperref Warning: Draft mode on.

Package hyperref Info: Link coloring OFF on input line 86.
(/usr/local/texlive/2020/texmf-dist/tex/latex/hyperref/nameref.sty
Package: nameref 2019/09/16 v2.46 Cross-referencing by name of section
(/usr/local/texlive/2020/texmf-dist/tex/latex/refcount/refcount.sty
Package: refcount 2019/12/15 v3.6 Data extraction from label references (HO)
)
(/usr/local/texlive/2020/texmf-dist/tex/generic/gettitlestring/gettitlestring.s
ty
Package: gettitlestring 2019/12/15 v1.6 Cleanup title references (HO)
)
\c@section@level=\count304
)
LaTeX Info: Redefining \ref on input line 86.
LaTeX Info: Redefining \pageref on input line 86.
LaTeX Info: Redefining \nameref on input line 86.
LaTeX Font Info:    Trying to load font information for U+msa on input line 129
.
(/usr/local/texlive/2020/texmf-dist/tex/latex/amsfonts/umsa.fd
File: umsa.fd 2013/01/14 v3.01 AMS symbols A
)
LaTeX Font Info:    Trying to load font information for U+msb on input line 129
.
(/usr/local/texlive/2020/texmf-dist/tex/latex/amsfonts/umsb.fd
File: umsb.fd 2013/01/14 v3.01 AMS symbols B
) [1{/usr/local/texlive/2020/texmf-var/fonts/map/pdftex/updmap/pdftex.map}]

LaTeX Font Warning: Font shape `OT1/cmr/m/n' in size <10.5> not available
(Font)              size <10.95> substituted on input line 209.


LaTeX Font Warning: Font shape `OT1/cmr/bx/n' in size <10.5> not available
(Font)              size <10.95> substituted on input line 209.


Overfull \hbox (4.61546pt too wide) in paragraph at lines 220--226
[]\OT1/cmr/m/n/10 A set of mark-ers, $\OML/cmm/m/it/10 M \OT1/cmr/m/n/10 = []$,
 are ini-tial-ized ran-domly in the model do- 
 []


Overfull \hbox (9.61755pt too wide) in paragraph at lines 220--226
\OT1/cmr/m/n/10 main. Mark-ers are traced by: 1) se-lect-ing all mark-ers withi
n a 760 $\OML/cmm/m/it/10 km$ \OT1/cmr/m/n/10 wide and 11 $\OML/cmm/m/it/10 km$
 
 []


Overfull \hbox (0.94844pt too wide) in paragraph at lines 220--226
\OT1/cmr/m/n/10 deep sec-tion ex-tend-ing from $\OML/cmm/m/it/10 x \OT1/cmr/m/n
/10 = 500 []\OML/cmm/m/it/10 km$ \OT1/cmr/m/n/10 to ap-prox-i-mately the trench
, 2) save marker 
 []


Overfull \hbox (2.0781pt too wide) in paragraph at lines 220--226
\OT1/cmr/m/n/10 prop-er-ties and po-si-tions, 3) if timestep $\OMS/cmsy/m/n/10 
^^T \OML/cmm/m/it/10 $\OT1/cmr/m/n/10 , 4) up-date mark-ers. Where $\OML/cmm/m
/it/10 $ \OT1/cmr/m/n/10 is the num- 
 []


Overfull \hbox (7.96002pt too wide) in paragraph at lines 227--240
[]\OT1/cmr/m/n/10 Slab roll-back even-tu-ally leads to me-chan-i-cal in-ter-fer
-ence be-tween the stiff con-ver- 
 []


Overfull \hbox (2.94835pt too wide) in paragraph at lines 227--240
\OT1/cmr/m/n/10 gence re-gion cen-tered at $\OML/cmm/m/it/10 x \OT1/cmr/m/n/10 
= 500 []\OML/cmm/m/it/10 km$ \OT1/cmr/m/n/10 and trench sed-i-ments. Sed-i-ment
s pile up against 
 []


Overfull \hbox (9.40448pt too wide) in paragraph at lines 227--240
\OT1/cmr/m/n/10 the bar-rier as the ac-cre-tionary wedge de-forms against the c
on-ver-gence re-gion. Thick-en- 
 []


Overfull \hbox (5.87677pt too wide) in paragraph at lines 227--240
\OT1/cmr/m/n/10 ing trench sed-i-ments flat-ten the slab caus-ing in-tense crus
tal de-for-ma-tion of the fore-arc 
 []


Overfull \hbox (21.46016pt too wide) in paragraph at lines 227--240
\OT1/cmr/m/n/10 and backarc re-gions. The abrupt change in dy-nam-ics makes mar
ker P-T con-di-tions mean- 
 []


Overfull \hbox (10.17184pt too wide) in paragraph at lines 227--240
\OT1/cmr/m/n/10 ing-less af-ter in-ter-fer-ence be-gins. The num-ber of timeste
ps for marker trac-ing, $\OML/cmm/m/it/10 $\OT1/cmr/m/n/10 , is cho- 
 []


Overfull \hbox (16.46025pt too wide) in paragraph at lines 227--240
\OT1/cmr/m/n/10 sen al-go-rith-mi-cally by com-put-ing the to-po-graphic height
 of the sed-i-ment pile against the 
 []


Overfull \hbox (3.90446pt too wide) in paragraph at lines 227--240
\OT1/cmr/m/n/10 con-ver-gence re-gion. Mark-ers trac-ing stops when the sed-i-m
ent pile be-comes the over-all 
 []


Overfull \hbox (6.37682pt too wide) in paragraph at lines 227--240
\OT1/cmr/m/n/10 to-po-graphic high, usu-ally within one or two timesteps af-ter
 in-ter-fer-ence. Marker paths 
 []


Underfull \vbox (badness 10000) has occurred while \output is active []

[2] [3]
Overfull \hbox (11.73463pt too wide) in paragraph at lines 264--264
 []|\OT1/cmr/m/n/10 model|
 []


Overfull \hbox (2.09651pt too wide) in paragraph at lines 264--265
 \OT1/cmr/m/n/10 [\OML/cmm/m/it/10 Ma\OT1/cmr/m/n/10 ]$|
 []


Overfull \hbox (5.92906pt too wide) in paragraph at lines 266--267
 []|\OT1/cmr/m/n/10 ratio|
 []


Overfull \hbox (2.08662pt too wide) in paragraph at lines 267--267
 \OT1/cmr/m/n/10 [\OML/cmm/m/it/10 GPa\OT1/cmr/m/n/10 ]$|
 []


Overfull \hbox (11.73463pt too wide) in paragraph at lines 272--272
 []|\OT1/cmr/m/n/10 model|
 []


Overfull \hbox (2.09651pt too wide) in paragraph at lines 272--273
 \OT1/cmr/m/n/10 [\OML/cmm/m/it/10 Ma\OT1/cmr/m/n/10 ]$|
 []


Overfull \hbox (5.92906pt too wide) in paragraph at lines 274--275
 []|\OT1/cmr/m/n/10 ratio|
 []


Overfull \hbox (2.08662pt too wide) in paragraph at lines 275--275
 \OT1/cmr/m/n/10 [\OML/cmm/m/it/10 GPa\OT1/cmr/m/n/10 ]$|
 []


Overfull \hbox (10.34573pt too wide) in paragraph at lines 279--279
 []|\OT1/cmr/m/n/10 cda46|
 []


Overfull \hbox (10.90129pt too wide) in paragraph at lines 281--281
 []|\OT1/cmr/m/n/10 cdb46|
 []


Overfull \hbox (9.79016pt too wide) in paragraph at lines 283--283
 []|\OT1/cmr/m/n/10 cdc46|
 []


Overfull \hbox (10.90129pt too wide) in paragraph at lines 285--285
 []|\OT1/cmr/m/n/10 cdd46|
 []


Overfull \hbox (9.79016pt too wide) in paragraph at lines 287--287
 []|\OT1/cmr/m/n/10 cde46|
 []


Overfull \hbox (8.40129pt too wide) in paragraph at lines 289--289
 []|\OT1/cmr/m/n/10 cdf46|
 []


Overfull \hbox (10.34573pt too wide) in paragraph at lines 291--291
 []|\OT1/cmr/m/n/10 cdg46|
 []


Overfull \hbox (10.90129pt too wide) in paragraph at lines 293--293
 []|\OT1/cmr/m/n/10 cdh46|
 []


Overfull \hbox (8.1235pt too wide) in paragraph at lines 295--295
 []|\OT1/cmr/m/n/10 cdi46|
 []


Overfull \hbox (8.40129pt too wide) in paragraph at lines 297--297
 []|\OT1/cmr/m/n/10 cdj46|
 []


Overfull \hbox (10.62352pt too wide) in paragraph at lines 299--299
 []|\OT1/cmr/m/n/10 cdk46|
 []


Overfull \hbox (8.1235pt too wide) in paragraph at lines 301--301
 []|\OT1/cmr/m/n/10 cdl46|
 []


Overfull \hbox (13.67908pt too wide) in paragraph at lines 303--303
 []|\OT1/cmr/m/n/10 cdm46|
 []


Overfull \hbox (10.90129pt too wide) in paragraph at lines 305--305
 []|\OT1/cmr/m/n/10 cdn46|
 []


Overfull \hbox (10.34573pt too wide) in paragraph at lines 307--307
 []|\OT1/cmr/m/n/10 cdo46|
 []


Overfull \hbox (3.3515pt too wide) in paragraph at lines 307--307
 []|\OT1/cmr/m/n/10 11,660|
 []


Overfull \hbox (3.1235pt too wide) in paragraph at lines 307--307
 []|\OT1/cmr/m/n/10 1.64|
 []


Overfull \hbox (10.90129pt too wide) in paragraph at lines 309--309
 []|\OT1/cmr/m/n/10 cdp46|
 []


Overfull \hbox (10.34573pt too wide) in paragraph at lines 311--311
 []|\OT1/cmr/m/n/10 cda62|
 []


Overfull \hbox (10.90129pt too wide) in paragraph at lines 313--313
 []|\OT1/cmr/m/n/10 cdb62|
 []


Overfull \hbox (9.79016pt too wide) in paragraph at lines 315--315
 []|\OT1/cmr/m/n/10 cdc62|
 []


Overfull \hbox (10.90129pt too wide) in paragraph at lines 317--317
 []|\OT1/cmr/m/n/10 cdd62|
 []


Overfull \hbox (9.79016pt too wide) in paragraph at lines 319--319
 []|\OT1/cmr/m/n/10 cde62|
 []


Overfull \hbox (8.40129pt too wide) in paragraph at lines 321--321
 []|\OT1/cmr/m/n/10 cdf62|
 []


Overfull \hbox (10.34573pt too wide) in paragraph at lines 323--323
 []|\OT1/cmr/m/n/10 cdg62|
 []


Overfull \hbox (10.90129pt too wide) in paragraph at lines 325--325
 []|\OT1/cmr/m/n/10 cdh62|
 []


Overfull \hbox (8.1235pt too wide) in paragraph at lines 327--327
 []|\OT1/cmr/m/n/10 cdi62|
 []


Overfull \hbox (3.3515pt too wide) in paragraph at lines 327--327
 []|\OT1/cmr/m/n/10 18,775|
 []


Overfull \hbox (8.40129pt too wide) in paragraph at lines 329--329
 []|\OT1/cmr/m/n/10 cdj62|
 []


Overfull \hbox (10.62352pt too wide) in paragraph at lines 331--331
 []|\OT1/cmr/m/n/10 cdk62|
 []


Overfull \hbox (8.1235pt too wide) in paragraph at lines 333--333
 []|\OT1/cmr/m/n/10 cdl62|
 []


Overfull \hbox (13.67908pt too wide) in paragraph at lines 335--335
 []|\OT1/cmr/m/n/10 cdm62|
 []


Overfull \hbox (10.90129pt too wide) in paragraph at lines 337--337
 []|\OT1/cmr/m/n/10 cdn62|
 []


Overfull \hbox (10.34573pt too wide) in paragraph at lines 339--339
 []|\OT1/cmr/m/n/10 cdo62|
 []


Overfull \hbox (10.90129pt too wide) in paragraph at lines 341--341
 []|\OT1/cmr/m/n/10 cdp62|
 []


Overfull \hbox (10.34573pt too wide) in paragraph at lines 343--343
 []|\OT1/cmr/m/n/10 cda78|
 []


Overfull \hbox (10.90129pt too wide) in paragraph at lines 345--345
 []|\OT1/cmr/m/n/10 cdb78|
 []


Overfull \hbox (9.79016pt too wide) in paragraph at lines 347--347
 []|\OT1/cmr/m/n/10 cdc78|
 []


Overfull \hbox (10.90129pt too wide) in paragraph at lines 349--349
 []|\OT1/cmr/m/n/10 cdd78|
 []


Overfull \hbox (9.79016pt too wide) in paragraph at lines 351--351
 []|\OT1/cmr/m/n/10 cde78|
 []


Overfull \hbox (8.40129pt too wide) in paragraph at lines 353--353
 []|\OT1/cmr/m/n/10 cdf78|
 []


Overfull \hbox (3.3515pt too wide) in paragraph at lines 353--353
 []|\OT1/cmr/m/n/10 10,448|
 []


Overfull \hbox (3.1235pt too wide) in paragraph at lines 353--353
 []|\OT1/cmr/m/n/10 0.82|
 []


Overfull \hbox (10.34573pt too wide) in paragraph at lines 355--355
 []|\OT1/cmr/m/n/10 cdg78|
 []


Overfull \hbox (10.90129pt too wide) in paragraph at lines 357--357
 []|\OT1/cmr/m/n/10 cdh78|
 []


Overfull \hbox (271.01251pt too wide) has occurred while \output is active
[]
 []


Overfull \hbox (271.01251pt too wide) has occurred while \output is active
[]
 []

[4

]
Overfull \hbox (8.1235pt too wide) in paragraph at lines 359--359
 []|\OT1/cmr/m/n/10 cdi78|
 []


Overfull \hbox (8.40129pt too wide) in paragraph at lines 361--361
 []|\OT1/cmr/m/n/10 cdj78|
 []


Overfull \hbox (10.62352pt too wide) in paragraph at lines 363--363
 []|\OT1/cmr/m/n/10 cdk78|
 []


Overfull \hbox (8.1235pt too wide) in paragraph at lines 365--365
 []|\OT1/cmr/m/n/10 cdl78|
 []


Overfull \hbox (13.67908pt too wide) in paragraph at lines 367--367
 []|\OT1/cmr/m/n/10 cdm78|
 []


Overfull \hbox (10.90129pt too wide) in paragraph at lines 369--369
 []|\OT1/cmr/m/n/10 cdn78|
 []


Overfull \hbox (10.34573pt too wide) in paragraph at lines 371--371
 []|\OT1/cmr/m/n/10 cdo78|
 []


Overfull \hbox (10.90129pt too wide) in paragraph at lines 373--373
 []|\OT1/cmr/m/n/10 cdp78|
 []


Overfull \hbox (10.34573pt too wide) in paragraph at lines 375--375
 []|\OT1/cmr/m/n/10 cda94|
 []


Overfull \hbox (10.90129pt too wide) in paragraph at lines 377--377
 []|\OT1/cmr/m/n/10 cdb94|
 []


Overfull \hbox (9.79016pt too wide) in paragraph at lines 379--379
 []|\OT1/cmr/m/n/10 cdc94|
 []


Overfull \hbox (10.90129pt too wide) in paragraph at lines 381--381
 []|\OT1/cmr/m/n/10 cdd94|
 []


Overfull \hbox (3.3515pt too wide) in paragraph at lines 381--381
 []|\OT1/cmr/m/n/10 12,302|
 []


Overfull \hbox (3.1235pt too wide) in paragraph at lines 381--382
 []|\OT1/cmr/m/n/10 1.66|
 []


Overfull \hbox (9.79016pt too wide) in paragraph at lines 383--383
 []|\OT1/cmr/m/n/10 cde94|
 []


Overfull \hbox (8.40129pt too wide) in paragraph at lines 385--385
 []|\OT1/cmr/m/n/10 cdf94|
 []


Overfull \hbox (10.34573pt too wide) in paragraph at lines 387--387
 []|\OT1/cmr/m/n/10 cdg94|
 []


Overfull \hbox (10.90129pt too wide) in paragraph at lines 389--389
 []|\OT1/cmr/m/n/10 cdh94|
 []


Overfull \hbox (8.1235pt too wide) in paragraph at lines 391--391
 []|\OT1/cmr/m/n/10 cdi94|
 []


Overfull \hbox (8.40129pt too wide) in paragraph at lines 393--393
 []|\OT1/cmr/m/n/10 cdj94|
 []


Overfull \hbox (10.62352pt too wide) in paragraph at lines 395--395
 []|\OT1/cmr/m/n/10 cdk94|
 []


Overfull \hbox (8.1235pt too wide) in paragraph at lines 397--397
 []|\OT1/cmr/m/n/10 cdl94|
 []


Overfull \hbox (271.01251pt too wide) has occurred while \output is active
[]
 []


Overfull \hbox (271.01251pt too wide) has occurred while \output is active
[]
 []

[5]
Overfull \hbox (13.67908pt too wide) in paragraph at lines 399--399
 []|\OT1/cmr/m/n/10 cdm94|
 []


Overfull \hbox (10.90129pt too wide) in paragraph at lines 401--401
 []|\OT1/cmr/m/n/10 cdn94|
 []


Overfull \hbox (10.34573pt too wide) in paragraph at lines 403--403
 []|\OT1/cmr/m/n/10 cdo94|
 []


Overfull \hbox (10.90129pt too wide) in paragraph at lines 405--405
 []|\OT1/cmr/m/n/10 cdp94|
 []


Overfull \hbox (271.01251pt too wide) has occurred while \output is active
[]
 []


Overfull \hbox (271.01251pt too wide) has occurred while \output is active
[]
 []

[6]
Overfull \hbox (271.01251pt too wide) has occurred while \output is active
[]
 []


Overfull \hbox (271.01251pt too wide) has occurred while \output is active
[]
 []

[7] [8

]
Overfull \hbox (4.23793pt too wide) in paragraph at lines 431--433
[]\OT1/cmr/m/n/10 This work was sup-ported by the Na-tional Sci-ence Foun-da-ti
on grant OIA1545903 
 []

[9

]
No file chutes.bbl.

Package caption Warning: Unused \captionsetup[figure] on input line 75.
See the caption package documentation for explanation.

Package atveryend Info: Empty hook `BeforeClearDocument' on input line 449.
[10

]
Package atveryend Info: Empty hook `AfterLastShipout' on input line 449.
(./chutes.aux)
Package atveryend Info: Executing hook `AtVeryEndDocument' on input line 449.
Package atveryend Info: Empty hook `AtEndAfterFileList' on input line 449.

LaTeX Font Warning: Size substitutions with differences
(Font)              up to 0.45pt have occurred.

Package atveryend Info: Empty hook `AtVeryVeryEnd' on input line 449.
 ) 
Here is how much of TeX's memory you used:
 9436 strings out of 480608
 141763 string characters out of 5903631
 491434 words of memory out of 5000000
 25124 multiletter control sequences out of 15000+600000
 541602 words of font info for 61 fonts, out of 8000000 for 9000
 1147 hyphenation exceptions out of 8191
 46i,9n,49p,252b,458s stack positions out of 5000i,500n,10000p,200000b,80000s
</usr/local/texlive/2020/texmf-dist/fonts/type1/public/amsfonts/cm/cmbx10.pfb
></usr/local/texlive/2020/texmf-dist/fonts/type1/public/amsfonts/cm/cmbx12.pfb>
</usr/local/texlive/2020/texmf-dist/fonts/type1/public/amsfonts/cm/cmmi10.pfb><
/usr/local/texlive/2020/texmf-dist/fonts/type1/public/amsfonts/cm/cmmi5.pfb></u
sr/local/texlive/2020/texmf-dist/fonts/type1/public/amsfonts/cm/cmmi7.pfb></usr
/local/texlive/2020/texmf-dist/fonts/type1/public/amsfonts/cm/cmr10.pfb></usr/l
ocal/texlive/2020/texmf-dist/fonts/type1/public/amsfonts/cm/cmr6.pfb></usr/loca
l/texlive/2020/texmf-dist/fonts/type1/public/amsfonts/cm/cmr7.pfb></usr/local/t
exlive/2020/texmf-dist/fonts/type1/public/amsfonts/cm/cmr8.pfb></usr/local/texl
ive/2020/texmf-dist/fonts/type1/public/amsfonts/cm/cmr9.pfb></usr/local/texlive
/2020/texmf-dist/fonts/type1/public/amsfonts/cm/cmss8.pfb></usr/local/texlive/2
020/texmf-dist/fonts/type1/public/amsfonts/cm/cmsy10.pfb></usr/local/texlive/20
20/texmf-dist/fonts/type1/public/amsfonts/cm/cmsy5.pfb></usr/local/texlive/2020
/texmf-dist/fonts/type1/public/amsfonts/cm/cmti9.pfb></usr/local/texlive/2020/t
exmf-dist/fonts/type1/public/amsfonts/cm/cmtt10.pfb></usr/local/texlive/2020/te
xmf-dist/fonts/type1/public/amsfonts/cm/cmtt9.pfb>
Output written on chutes.pdf (10 pages, 190556 bytes).
PDF statistics:
 101 PDF objects out of 1000 (max. 8388607)
 72 compressed objects within 1 object stream
 0 named destinations out of 1000 (max. 500000)
 1 words of extra memory for PDF output out of 10000 (max. 10000000)

